[2022-01-18 10:57:39 INFO]: install::setup-logging ended
================
[2022-01-18 10:57:39 INFO]: install::start-up started
[2022-01-18 10:57:39 INFO]: install::start-up build image
[2022-01-18 10:57:39 INFO]: install::decompress started
[2022-01-18 10:57:39 INFO]: install::decompress my-project.tar.gz already decompressed
[2022-01-18 10:57:39 INFO]: install::decompress ended
================
[2022-01-18 10:57:39 INFO]: install::decompress running image
[2022-01-18 10:57:39 INFO]: install::decompress ended
================
[2022-01-18 10:59:24 INFO]: install::root-check started
[2022-01-18 10:59:24 INFO]: install::root-check ended
================
[2022-01-18 10:59:24 INFO]: install::docker-check started
[2022-01-18 10:59:24 INFO]: install::docker-check ended
================
[2022-01-18 10:59:24 INFO]: install::compress started
[2022-01-18 10:59:24 INFO]: install::compress compressing my-project 
[2022-01-18 10:59:24 INFO]: install::compress removing my-project 
[2022-01-18 10:59:24 INFO]: install::compress ended
================
[2022-01-18 10:59:24 INFO]: install::compress started
[2022-01-18 10:59:24 INFO]: install::compress services removed
[2022-01-18 10:59:24 INFO]: install::compress ended
================
